0 info it worked if it ends with ok
1 verbose cli [ '/opt/conda/bin/node', '/opt/conda/bin/npm', 'run', 'clean' ]
2 info using npm@6.12.0
3 info using node@v12.13.0
4 verbose run-script [ 'preclean', 'clean', 'postclean' ]
5 info lifecycle emr-profilers-plugin@0.1.0~preclean: emr-profilers-plugin@0.1.0
6 info lifecycle emr-profilers-plugin@0.1.0~clean: emr-profilers-plugin@0.1.0
7 verbose lifecycle emr-profilers-plugin@0.1.0~clean: unsafe-perm in lifecycle true
8 verbose lifecycle emr-profilers-plugin@0.1.0~clean: PATH: /opt/conda/lib/node_modules/npm/node_modules/npm-lifecycle/node-gyp-bin:/tmp/jupyter-plugins/profiler-plugin/frontend/node_modules/.bin:/opt/conda/lib/node_modules/npm/node_modules/npm-lifecycle/node-gyp-bin:/tmp/jupyter-plugins/profiler-plugin/frontend/node_modules/.bin:/home/notebook/.aws-editors-workspace-metadata:/opt/conda/bin:/usr/local/sbin:/usr/local/bin:/usr/sbin:/usr/bin:/sbin:/bin
9 verbose lifecycle emr-profilers-plugin@0.1.0~clean: CWD: /tmp/jupyter-plugins/profiler-plugin/frontend
10 silly lifecycle emr-profilers-plugin@0.1.0~clean: Args: [ '-c', 'npm run clean:lib' ]
11 silly lifecycle emr-profilers-plugin@0.1.0~clean: Returned: code: 1  signal: null
12 info lifecycle emr-profilers-plugin@0.1.0~clean: Failed to exec clean script
13 verbose stack Error: emr-profilers-plugin@0.1.0 clean: `npm run clean:lib`
13 verbose stack Exit status 1
13 verbose stack     at EventEmitter.<anonymous> (/opt/conda/lib/node_modules/npm/node_modules/npm-lifecycle/index.js:332:16)
13 verbose stack     at EventEmitter.emit (events.js:210:5)
13 verbose stack     at ChildProcess.<anonymous> (/opt/conda/lib/node_modules/npm/node_modules/npm-lifecycle/lib/spawn.js:55:14)
13 verbose stack     at ChildProcess.emit (events.js:210:5)
13 verbose stack     at maybeClose (internal/child_process.js:1021:16)
13 verbose stack     at Process.ChildProcess._handle.onexit (internal/child_process.js:283:5)
14 verbose pkgid emr-profilers-plugin@0.1.0
15 verbose cwd /tmp/jupyter-plugins/profiler-plugin/frontend
16 verbose Linux 5.15.73-48.135.amzn2.x86_64
17 verbose argv "/opt/conda/bin/node" "/opt/conda/bin/npm" "run" "clean"
18 verbose node v12.13.0
19 verbose npm  v6.12.0
20 error code ELIFECYCLE
21 error errno 1
22 error emr-profilers-plugin@0.1.0 clean: `npm run clean:lib`
22 error Exit status 1
23 error Failed at the emr-profilers-plugin@0.1.0 clean script.
23 error This is probably not a problem with npm. There is likely additional logging output above.
24 verbose exit [ 1, true ]
