0 info it worked if it ends with ok
1 verbose cli [
1 verbose cli   '/opt/conda/bin/node',
1 verbose cli   '/opt/conda/bin/npm',
1 verbose cli   'pack',
1 verbose cli   '/tmp/jupyter-plugins/profiler-plugin/frontend'
1 verbose cli ]
2 info using npm@6.12.0
3 info using node@v12.13.0
4 verbose npm-session 49646d82fec02f8d
5 silly pacote directory manifest for undefined@file:/tmp/jupyter-plugins/profiler-plugin/frontend fetched in 192ms
6 info lifecycle emr-profilers-plugin@0.1.0~prepublish: emr-profilers-plugin@0.1.0
7 info lifecycle emr-profilers-plugin@0.1.0~prepare: emr-profilers-plugin@0.1.0
8 verbose lifecycle emr-profilers-plugin@0.1.0~prepare: unsafe-perm in lifecycle true
9 verbose lifecycle emr-profilers-plugin@0.1.0~prepare: PATH: /opt/conda/lib/node_modules/npm/node_modules/npm-lifecycle/node-gyp-bin:/tmp/jupyter-plugins/profiler-plugin/frontend/node_modules/.bin:/home/notebook/.aws-editors-workspace-metadata:/opt/conda/bin:/usr/local/sbin:/usr/local/bin:/usr/sbin:/usr/bin:/sbin:/bin
10 verbose lifecycle emr-profilers-plugin@0.1.0~prepare: CWD: /tmp/jupyter-plugins/profiler-plugin/frontend
11 silly lifecycle emr-profilers-plugin@0.1.0~prepare: Args: [ '-c', 'npm run clean && npm run build' ]
12 silly lifecycle emr-profilers-plugin@0.1.0~prepare: Returned: code: 1  signal: null
13 info lifecycle emr-profilers-plugin@0.1.0~prepare: Failed to exec prepare script
14 verbose stack Error: emr-profilers-plugin@0.1.0 prepare: `npm run clean && npm run build`
14 verbose stack Exit status 1
14 verbose stack     at EventEmitter.<anonymous> (/opt/conda/lib/node_modules/npm/node_modules/npm-lifecycle/index.js:332:16)
14 verbose stack     at EventEmitter.emit (events.js:210:5)
14 verbose stack     at ChildProcess.<anonymous> (/opt/conda/lib/node_modules/npm/node_modules/npm-lifecycle/lib/spawn.js:55:14)
14 verbose stack     at ChildProcess.emit (events.js:210:5)
14 verbose stack     at maybeClose (internal/child_process.js:1021:16)
14 verbose stack     at Process.ChildProcess._handle.onexit (internal/child_process.js:283:5)
15 verbose pkgid emr-profilers-plugin@0.1.0
16 verbose cwd /tmp/tmpp0bsy4n6
17 verbose Linux 5.15.73-48.135.amzn2.x86_64
18 verbose argv "/opt/conda/bin/node" "/opt/conda/bin/npm" "pack" "/tmp/jupyter-plugins/profiler-plugin/frontend"
19 verbose node v12.13.0
20 verbose npm  v6.12.0
21 error code ELIFECYCLE
22 error errno 1
23 error emr-profilers-plugin@0.1.0 prepare: `npm run clean && npm run build`
23 error Exit status 1
24 error Failed at the emr-profilers-plugin@0.1.0 prepare script.
24 error This is probably not a problem with npm. There is likely additional logging output above.
25 verbose exit [ 1, true ]
